zxing-google/build/outputs/logs/manifest-merger-debug-report.txt
-- Merging decision tree log ---
manifest
ADDED from src\main\AndroidManifest.xml:17:1-177:12
INJECTED from src\main\AndroidManifest.xml:17:1-177:12
INJECTED from src\main\AndroidManifest.xml:17:1-177:12
INJECTED from src\main\AndroidManifest.xml:17:1-177:12
INJECTED from src\main\AndroidManifest.xml:17:1-177:12
INJECTED from src\main\AndroidManifest.xml:17:1-177:12
INJECTED from src\main\AndroidManifest.xml:17:1-177:12
	package
		ADDED from src\main\AndroidManifest.xml:18:5-46
		INJECTED from src\main\AndroidManifest.xml
		INJECTED from src\main\AndroidManifest.xml
	android:versionName
		ADDED from src\main\AndroidManifest.xml:21:5-32
		INJECTED from src\main\AndroidManifest.xml
		INJECTED from src\main\AndroidManifest.xml
	xmlns:android
		ADDED from src\main\AndroidManifest.xml:17:11-69
	android:versionCode
		ADDED from src\main\AndroidManifest.xml:20:5-30
		INJECTED from src\main\AndroidManifest.xml
		INJECTED from src\main\AndroidManifest.xml
	android:installLocation
		ADDED from src\main\AndroidManifest.xml:19:5-35
uses-permission#android.permission.CAMERA
ADDED from src\main\AndroidManifest.xml:23:7-66
	android:name
		ADDED from src\main\AndroidManifest.xml:23:24-64
uses-permission#android.permission.INTERNET
ADDED from src\main\AndroidManifest.xml:24:7-68
	android:name
		ADDED from src\main\AndroidManifest.xml:24:24-66
uses-permission#android.permission.VIBRATE
ADDED from src\main\AndroidManifest.xml:25:7-67
	android:name
		ADDED from src\main\AndroidManifest.xml:25:24-65
uses-permission#android.permission.FLASHLIGHT
ADDED from src\main\AndroidManifest.xml:26:7-70
	android:name
		ADDED from src\main\AndroidManifest.xml:26:24-68
uses-permission#android.permission.READ_CONTACTS
ADDED from src\main\AndroidManifest.xml:27:7-73
	android:name
		ADDED from src\main\AndroidManifest.xml:27:24-71
uses-permission#com.android.browser.permission.READ_HISTORY_BOOKMARKS
ADDED from src\main\AndroidManifest.xml:29:7-94
	android:name
		ADDED from src\main\AndroidManifest.xml:29:24-92
uses-permission#android.permission.WRITE_EXTERNAL_STORAGE
ADDED from src\main\AndroidManifest.xml:30:7-82
	android:name
		ADDED from src\main\AndroidManifest.xml:30:24-80
uses-permission#android.permission.CHANGE_WIFI_STATE
ADDED from src\main\AndroidManifest.xml:31:7-77
	android:name
		ADDED from src\main\AndroidManifest.xml:31:24-75
uses-permission#android.permission.ACCESS_WIFI_STATE
ADDED from src\main\AndroidManifest.xml:32:7-77
	android:name
		ADDED from src\main\AndroidManifest.xml:32:24-75
uses-feature#android.hardware.camera.any
ADDED from src\main\AndroidManifest.xml:34:7-65
	android:name
		ADDED from src\main\AndroidManifest.xml:34:21-63
uses-feature#android.hardware.camera.autofocus
ADDED from src\main\AndroidManifest.xml:35:7-37:37
	android:required
		ADDED from src\main\AndroidManifest.xml:37:11-35
	android:name
		ADDED from src\main\AndroidManifest.xml:36:11-59
uses-feature#android.hardware.camera.flash
ADDED from src\main\AndroidManifest.xml:38:7-40:37
	android:required
		ADDED from src\main\AndroidManifest.xml:40:11-35
	android:name
		ADDED from src\main\AndroidManifest.xml:39:11-55
uses-feature#android.hardware.screen.landscape
ADDED from src\main\AndroidManifest.xml:41:7-71
	android:name
		ADDED from src\main\AndroidManifest.xml:41:21-69
uses-feature#android.hardware.wifi
ADDED from src\main\AndroidManifest.xml:42:7-44:37
	android:required
		ADDED from src\main\AndroidManifest.xml:44:11-35
	android:name
		ADDED from src\main\AndroidManifest.xml:43:11-47
application
ADDED from src\main\AndroidManifest.xml:46:7-175:21
	android:label
		ADDED from src\main\AndroidManifest.xml:49:11-43
	android:icon
		ADDED from src\main\AndroidManifest.xml:48:11-49
	android:allowBackup
		ADDED from src\main\AndroidManifest.xml:47:11-37
	android:logo
		ADDED from src\main\AndroidManifest.xml:50:11-49
activity#com.google.zxing.client.android.CaptureActivity
ADDED from src\main\AndroidManifest.xml:51:13-114:24
	android:screenOrientation
		ADDED from src\main\AndroidManifest.xml:54:17-60
	android:clearTaskOnLaunch
		ADDED from src\main\AndroidManifest.xml:52:17-49
	android:stateNotNeeded
		ADDED from src\main\AndroidManifest.xml:55:17-46
	android:windowSoftInputMode
		ADDED from src\main\AndroidManifest.xml:57:17-64
	android:theme
		ADDED from src\main\AndroidManifest.xml:56:17-52
	android:name
		ADDED from src\main\AndroidManifest.xml:53:17-48
intent-filter#action:name:android.intent.action.MAIN+category:name:android.intent.category.LAUNCHER
ADDED from src\main\AndroidManifest.xml:58:19-61:35
action#android.intent.action.MAIN
ADDED from src\main\AndroidManifest.xml:59:25-76
	android:name
		ADDED from src\main\AndroidManifest.xml:59:33-74
category#android.intent.category.LAUNCHER
ADDED from src\main\AndroidManifest.xml:60:25-84
	android:name
		ADDED from src\main\AndroidManifest.xml:60:35-82
intent-filter#action:name:com.google.zxing.client.android.SCAN+category:name:android.intent.category.DEFAULT
ADDED from src\main\AndroidManifest.xml:62:19-65:35
action#com.google.zxing.client.android.SCAN
ADDED from src\main\AndroidManifest.xml:63:25-86
	android:name
		ADDED from src\main\AndroidManifest.xml:63:33-84
category#android.intent.category.DEFAULT
ADDED from src\main\AndroidManifest.xml:64:25-83
	android:name
		ADDED from src\main\AndroidManifest.xml:64:35-81
intent-filter#action:name:android.intent.action.VIEW+category:name:android.intent.category.BROWSABLE+category:name:android.intent.category.DEFAULT+data:host:zxing.appspot.com+data:path:/scan+data:scheme:http
ADDED from src\main\AndroidManifest.xml:67:19-77:35
action#android.intent.action.VIEW
ADDED from src\main\AndroidManifest.xml:68:25-76
	android:name
		ADDED from src\main\AndroidManifest.xml:68:33-74
category#android.intent.category.BROWSABLE
ADDED from src\main\AndroidManifest.xml:71:25-85
	android:name
		ADDED from src\main\AndroidManifest.xml:71:35-83
data
ADDED from src\main\AndroidManifest.xml:73:25-76:52
	android:path
		ADDED from src\main\AndroidManifest.xml:75:29-49
	android:host
		ADDED from src\main\AndroidManifest.xml:74:29-61
	android:scheme
		ADDED from src\main\AndroidManifest.xml:76:29-50
	android:mimeType
		ADDED from src\main\AndroidManifest.xml:130:31-62
intent-filter#action:name:android.intent.action.VIEW+category:name:android.intent.category.BROWSABLE+category:name:android.intent.category.DEFAULT+data:host:www.google.com+data:path:/m/products/scan+data:scheme:http
ADDED from src\main\AndroidManifest.xml:79:19-89:35
intent-filter#action:name:android.intent.action.VIEW+category:name:android.intent.category.BROWSABLE+category:name:android.intent.category.DEFAULT+data:host:www.google.co.uk+data:path:/m/products/scan+data:scheme:http
ADDED from src\main\AndroidManifest.xml:91:19-101:35
intent-filter#action:name:android.intent.action.VIEW+category:name:android.intent.category.BROWSABLE+category:name:android.intent.category.DEFAULT+data:host:scan+data:path:/+data:scheme:zxing
ADDED from src\main\AndroidManifest.xml:103:19-113:35
activity#com.google.zxing.client.android.PreferencesActivity
ADDED from src\main\AndroidManifest.xml:115:13-118:48
	android:stateNotNeeded
		ADDED from src\main\AndroidManifest.xml:118:17-46
	android:label
		ADDED from src\main\AndroidManifest.xml:116:17-57
	android:name
		ADDED from src\main\AndroidManifest.xml:117:17-52
activity#com.google.zxing.client.android.encode.EncodeActivity
ADDED from src\main\AndroidManifest.xml:119:13-138:24
	android:stateNotNeeded
		ADDED from src\main\AndroidManifest.xml:121:17-46
	android:name
		ADDED from src\main\AndroidManifest.xml:120:17-54
intent-filter#action:name:com.google.zxing.client.android.ENCODE+category:name:android.intent.category.DEFAULT
ADDED from src\main\AndroidManifest.xml:122:19-125:35
action#com.google.zxing.client.android.ENCODE
ADDED from src\main\AndroidManifest.xml:123:25-88
	android:name
		ADDED from src\main\AndroidManifest.xml:123:33-86
intent-filter#action:name:android.intent.action.SEND+category:name:android.intent.category.DEFAULT+data:mimeType:text/x-vcard
ADDED from src\main\AndroidManifest.xml:127:19-131:35
action#android.intent.action.SEND
ADDED from src\main\AndroidManifest.xml:128:25-76
	android:name
		ADDED from src\main\AndroidManifest.xml:128:33-74
intent-filter#action:name:android.intent.action.SEND+category:name:android.intent.category.DEFAULT+data:mimeType:text/plain
ADDED from src\main\AndroidManifest.xml:133:19-137:35
activity#com.google.zxing.client.android.book.SearchBookContentsActivity
ADDED from src\main\AndroidManifest.xml:139:13-148:24
	android:screenOrientation
		ADDED from src\main\AndroidManifest.xml:142:17-60
	android:stateNotNeeded
		ADDED from src\main\AndroidManifest.xml:143:17-46
	android:label
		ADDED from src\main\AndroidManifest.xml:140:17-49
	android:name
		ADDED from src\main\AndroidManifest.xml:141:17-64
intent-filter#action:name:com.google.zxing.client.android.SEARCH_BOOK_CONTENTS+category:name:android.intent.category.DEFAULT
ADDED from src\main\AndroidManifest.xml:144:19-147:35
action#com.google.zxing.client.android.SEARCH_BOOK_CONTENTS
ADDED from src\main\AndroidManifest.xml:145:25-102
	android:name
		ADDED from src\main\AndroidManifest.xml:145:33-100
activity#com.google.zxing.client.android.share.ShareActivity
ADDED from src\main\AndroidManifest.xml:149:13-157:24
	android:screenOrientation
		ADDED from src\main\AndroidManifest.xml:151:17-49
	android:stateNotNeeded
		ADDED from src\main\AndroidManifest.xml:152:17-46
	android:name
		ADDED from src\main\AndroidManifest.xml:150:17-52
intent-filter#action:name:com.google.zxing.client.android.SHARE+category:name:android.intent.category.DEFAULT
ADDED from src\main\AndroidManifest.xml:153:19-156:35
action#com.google.zxing.client.android.SHARE
ADDED from src\main\AndroidManifest.xml:154:25-87
	android:name
		ADDED from src\main\AndroidManifest.xml:154:33-85
activity#com.google.zxing.client.android.history.HistoryActivity
ADDED from src\main\AndroidManifest.xml:158:13-161:48
	android:stateNotNeeded
		ADDED from src\main\AndroidManifest.xml:161:17-46
	android:label
		ADDED from src\main\AndroidManifest.xml:159:17-54
	android:name
		ADDED from src\main\AndroidManifest.xml:160:17-56
activity#com.google.zxing.client.android.share.BookmarkPickerActivity
ADDED from src\main\AndroidManifest.xml:162:13-165:48
	android:stateNotNeeded
		ADDED from src\main\AndroidManifest.xml:165:17-46
	android:label
		ADDED from src\main\AndroidManifest.xml:163:17-61
	android:name
		ADDED from src\main\AndroidManifest.xml:164:17-61
activity#com.google.zxing.client.android.share.AppPickerActivity
ADDED from src\main\AndroidManifest.xml:166:13-169:48
	android:stateNotNeeded
		ADDED from src\main\AndroidManifest.xml:169:17-46
	android:label
		ADDED from src\main\AndroidManifest.xml:167:17-56
	android:name
		ADDED from src\main\AndroidManifest.xml:168:17-56
activity#com.google.zxing.client.android.HelpActivity
ADDED from src\main\AndroidManifest.xml:170:13-174:48
	android:screenOrientation
		ADDED from src\main\AndroidManifest.xml:173:17-49
	android:stateNotNeeded
		ADDED from src\main\AndroidManifest.xml:174:17-46
	android:label
		ADDED from src\main\AndroidManifest.xml:171:17-50
	android:name
		ADDED from src\main\AndroidManifest.xml:172:17-45
uses-sdk
INJECTED from src\main\AndroidManifest.xml reason: use-sdk injection requested
INJECTED from src\main\AndroidManifest.xml
INJECTED from src\main\AndroidManifest.xml
INJECTED from src\main\AndroidManifest.xml
INJECTED from src\main\AndroidManifest.xml
	android:targetSdkVersion
		INJECTED from src\main\AndroidManifest.xml
		ADDED from src\main\AndroidManifest.xml
		INJECTED from src\main\AndroidManifest.xml
	android:minSdkVersion
		INJECTED from src\main\AndroidManifest.xml
		ADDED from src\main\AndroidManifest.xml
		INJECTED from src\main\AndroidManifest.xml